2023-12-16 10:25:23.183  INFO 21684 --- [main] c.s.i.ImChartProApplicationTests         : Starting ImChartProApplicationTests using Java 1.8.0_291 on SZ-PC-PDC-135 with PID 21684 (started by gumingchen in E:\github\chatterbox-pro)
2023-12-16 10:25:23.187 DEBUG 21684 --- [main] c.s.i.ImChartProApplicationTests         : Running with Spring Boot v2.7.18, Spring v5.3.31
2023-12-16 10:25:23.187  INFO 21684 --- [main] c.s.i.ImChartProApplicationTests         : The following 1 profile is active: "dev"
2023-12-16 10:25:24.178  INFO 21684 --- [main] .s.d.r.c.RepositoryConfigurationDelegate : Multiple Spring Data modules found, entering strict repository configuration mode
2023-12-16 10:25:24.182  INFO 21684 --- [main] .s.d.r.c.RepositoryConfigurationDelegate : Bootstrapping Spring Data Redis repositories in DEFAULT mode.
2023-12-16 10:25:24.241  INFO 21684 --- [main] .s.d.r.c.RepositoryConfigurationDelegate : Finished Spring Data repository scanning in 41 ms. Found 0 Redis repository interfaces.
2023-12-16 10:25:25.340  INFO 21684 --- [main] c.a.d.s.b.a.DruidDataSourceAutoConfigure : Init DruidDataSource
2023-12-16 10:25:26.356 ERROR 21684 --- [main] c.alibaba.druid.filter.stat.StatFilter   : slow sql 273 millis. SELECT 1[]
2023-12-16 10:25:27.215  INFO 21684 --- [main] com.alibaba.druid.pool.DruidDataSource   : {dataSource-1} inited
2023-12-16 10:25:30.604  INFO 21684 --- [main] o.s.s.web.DefaultSecurityFilterChain     : Will secure any request with [org.springframework.security.web.session.DisableEncodeUrlFilter@403f7aa2, org.springframework.security.web.context.request.async.WebAsyncManagerIntegrationFilter@545604a9, org.springframework.security.web.context.SecurityContextPersistenceFilter@6e517c9e, org.springframework.security.web.header.HeaderWriterFilter@24aedcc5, org.springframework.web.filter.CorsFilter@1029cf9, org.springframework.security.web.authentication.logout.LogoutFilter@2eb6d34a, com.slipper.core.security.filter.TokenAuthenticationFilter@1c0e4262, org.springframework.security.web.savedrequest.RequestCacheAwareFilter@76b5a559, org.springframework.security.web.servletapi.SecurityContextHolderAwareRequestFilter@2e8b24a1, org.springframework.security.web.authentication.AnonymousAuthenticationFilter@27dfd12b, org.springframework.security.web.session.SessionManagementFilter@58182b96, org.springframework.security.web.access.ExceptionTranslationFilter@59313495, org.springframework.security.web.access.intercept.FilterSecurityInterceptor@30704f85]
2023-12-16 10:25:31.442  INFO 21684 --- [main] c.s.i.ImChartProApplicationTests         : Started ImChartProApplicationTests in 8.712 seconds (JVM running for 9.632)
2023-12-16 10:25:31.554  INFO 21684 --- [main] com.slipper.core.netty.WebSocketServer   : ?[服务器启动端口]: 8821

2023-12-16 10:30:53.492  INFO 21936 --- [main] c.s.i.ImChartProApplicationTests         : Starting ImChartProApplicationTests using Java 1.8.0_291 on SZ-PC-PDC-135 with PID 21936 (started by gumingchen in E:\github\chatterbox-pro)
2023-12-16 10:30:53.493 DEBUG 21936 --- [main] c.s.i.ImChartProApplicationTests         : Running with Spring Boot v2.7.18, Spring v5.3.31
2023-12-16 10:30:53.493  INFO 21936 --- [main] c.s.i.ImChartProApplicationTests         : The following 1 profile is active: "dev"
2023-12-16 10:30:54.402  INFO 21936 --- [main] .s.d.r.c.RepositoryConfigurationDelegate : Multiple Spring Data modules found, entering strict repository configuration mode
2023-12-16 10:30:54.404  INFO 21936 --- [main] .s.d.r.c.RepositoryConfigurationDelegate : Bootstrapping Spring Data Redis repositories in DEFAULT mode.
2023-12-16 10:30:54.458  INFO 21936 --- [main] .s.d.r.c.RepositoryConfigurationDelegate : Finished Spring Data repository scanning in 42 ms. Found 0 Redis repository interfaces.
2023-12-16 10:30:55.416  INFO 21936 --- [main] c.a.d.s.b.a.DruidDataSourceAutoConfigure : Init DruidDataSource
2023-12-16 10:30:56.305 ERROR 21936 --- [main] c.alibaba.druid.filter.stat.StatFilter   : slow sql 232 millis. SELECT 1[]
2023-12-16 10:30:57.134  INFO 21936 --- [main] com.alibaba.druid.pool.DruidDataSource   : {dataSource-1} inited
2023-12-16 10:31:00.128  INFO 21936 --- [main] o.s.s.web.DefaultSecurityFilterChain     : Will secure any request with [org.springframework.security.web.session.DisableEncodeUrlFilter@3ce7490a, org.springframework.security.web.context.request.async.WebAsyncManagerIntegrationFilter@4768b95c, org.springframework.security.web.context.SecurityContextPersistenceFilter@40bf0e15, org.springframework.security.web.header.HeaderWriterFilter@4afdfc0f, org.springframework.web.filter.CorsFilter@1530d0f2, org.springframework.security.web.authentication.logout.LogoutFilter@79cdf2d4, com.slipper.core.security.filter.TokenAuthenticationFilter@7573c7b5, org.springframework.security.web.savedrequest.RequestCacheAwareFilter@121ddca4, org.springframework.security.web.servletapi.SecurityContextHolderAwareRequestFilter@118cbded, org.springframework.security.web.authentication.AnonymousAuthenticationFilter@73da7f08, org.springframework.security.web.session.SessionManagementFilter@5ed65e4b, org.springframework.security.web.access.ExceptionTranslationFilter@1109730f, org.springframework.security.web.access.intercept.FilterSecurityInterceptor@3a4f8e8a]
2023-12-16 10:31:00.902  INFO 21936 --- [main] c.s.i.ImChartProApplicationTests         : Started ImChartProApplicationTests in 7.778 seconds (JVM running for 8.67)
2023-12-16 10:31:01.017  INFO 21936 --- [main] com.slipper.core.netty.WebSocketServer   : ?[服务器启动端口]: 8821

2023-12-16 10:35:06.088  INFO 7868 --- [main] c.s.i.ImChartProApplicationTests         : Starting ImChartProApplicationTests using Java 1.8.0_291 on SZ-PC-PDC-135 with PID 7868 (started by gumingchen in E:\github\chatterbox-pro)
2023-12-16 10:35:06.090 DEBUG 7868 --- [main] c.s.i.ImChartProApplicationTests         : Running with Spring Boot v2.7.18, Spring v5.3.31
2023-12-16 10:35:06.090  INFO 7868 --- [main] c.s.i.ImChartProApplicationTests         : The following 1 profile is active: "dev"
2023-12-16 10:35:07.014  INFO 7868 --- [main] .s.d.r.c.RepositoryConfigurationDelegate : Multiple Spring Data modules found, entering strict repository configuration mode
2023-12-16 10:35:07.016  INFO 7868 --- [main] .s.d.r.c.RepositoryConfigurationDelegate : Bootstrapping Spring Data Redis repositories in DEFAULT mode.
2023-12-16 10:35:07.075  INFO 7868 --- [main] .s.d.r.c.RepositoryConfigurationDelegate : Finished Spring Data repository scanning in 44 ms. Found 0 Redis repository interfaces.
2023-12-16 10:35:08.034  INFO 7868 --- [main] c.a.d.s.b.a.DruidDataSourceAutoConfigure : Init DruidDataSource
2023-12-16 10:35:08.934 ERROR 7868 --- [main] c.alibaba.druid.filter.stat.StatFilter   : slow sql 238 millis. SELECT 1[]
2023-12-16 10:35:09.764  INFO 7868 --- [main] com.alibaba.druid.pool.DruidDataSource   : {dataSource-1} inited
2023-12-16 10:35:12.785  INFO 7868 --- [main] o.s.s.web.DefaultSecurityFilterChain     : Will secure any request with [org.springframework.security.web.session.DisableEncodeUrlFilter@70022d44, org.springframework.security.web.context.request.async.WebAsyncManagerIntegrationFilter@7b1c501d, org.springframework.security.web.context.SecurityContextPersistenceFilter@74ebd159, org.springframework.security.web.header.HeaderWriterFilter@1d637673, org.springframework.web.filter.CorsFilter@5abbb273, org.springframework.security.web.authentication.logout.LogoutFilter@10bdfbcc, com.slipper.core.security.filter.TokenAuthenticationFilter@25d9291a, org.springframework.security.web.savedrequest.RequestCacheAwareFilter@38d42ab7, org.springframework.security.web.servletapi.SecurityContextHolderAwareRequestFilter@4005e485, org.springframework.security.web.authentication.AnonymousAuthenticationFilter@445058e8, org.springframework.security.web.session.SessionManagementFilter@4a04ca74, org.springframework.security.web.access.ExceptionTranslationFilter@7198ab9a, org.springframework.security.web.access.intercept.FilterSecurityInterceptor@6630dd28]
2023-12-16 10:35:13.629  INFO 7868 --- [main] c.s.i.ImChartProApplicationTests         : Started ImChartProApplicationTests in 7.894 seconds (JVM running for 8.814)
2023-12-16 10:35:13.762  INFO 7868 --- [main] com.slipper.core.netty.WebSocketServer   : ?[服务器启动端口]: 8821

2023-12-16 10:38:47.229  INFO 23996 --- [main] c.s.i.ImChartProApplicationTests         : Starting ImChartProApplicationTests using Java 1.8.0_291 on SZ-PC-PDC-135 with PID 23996 (started by gumingchen in E:\github\chatterbox-pro)
2023-12-16 10:38:47.230 DEBUG 23996 --- [main] c.s.i.ImChartProApplicationTests         : Running with Spring Boot v2.7.18, Spring v5.3.31
2023-12-16 10:38:47.231  INFO 23996 --- [main] c.s.i.ImChartProApplicationTests         : The following 1 profile is active: "dev"
2023-12-16 10:38:48.137  INFO 23996 --- [main] .s.d.r.c.RepositoryConfigurationDelegate : Multiple Spring Data modules found, entering strict repository configuration mode
2023-12-16 10:38:48.139  INFO 23996 --- [main] .s.d.r.c.RepositoryConfigurationDelegate : Bootstrapping Spring Data Redis repositories in DEFAULT mode.
2023-12-16 10:38:48.195  INFO 23996 --- [main] .s.d.r.c.RepositoryConfigurationDelegate : Finished Spring Data repository scanning in 42 ms. Found 0 Redis repository interfaces.
2023-12-16 10:38:49.198  INFO 23996 --- [main] c.a.d.s.b.a.DruidDataSourceAutoConfigure : Init DruidDataSource
2023-12-16 10:38:50.148 ERROR 23996 --- [main] c.alibaba.druid.filter.stat.StatFilter   : slow sql 265 millis. SELECT 1[]
2023-12-16 10:38:51.067  INFO 23996 --- [main] com.alibaba.druid.pool.DruidDataSource   : {dataSource-1} inited
2023-12-16 10:38:53.872  INFO 23996 --- [main] o.s.s.web.DefaultSecurityFilterChain     : Will secure any request with [org.springframework.security.web.session.DisableEncodeUrlFilter@4348fa35, org.springframework.security.web.context.request.async.WebAsyncManagerIntegrationFilter@563843f1, org.springframework.security.web.context.SecurityContextPersistenceFilter@74ebd159, org.springframework.security.web.header.HeaderWriterFilter@1d637673, org.springframework.web.filter.CorsFilter@38cb1606, org.springframework.security.web.authentication.logout.LogoutFilter@10bdfbcc, com.slipper.core.security.filter.TokenAuthenticationFilter@61c4cebd, org.springframework.security.web.savedrequest.RequestCacheAwareFilter@38d42ab7, org.springframework.security.web.servletapi.SecurityContextHolderAwareRequestFilter@4005e485, org.springframework.security.web.authentication.AnonymousAuthenticationFilter@655909e2, org.springframework.security.web.session.SessionManagementFilter@4a04ca74, org.springframework.security.web.access.ExceptionTranslationFilter@7198ab9a, org.springframework.security.web.access.intercept.FilterSecurityInterceptor@4aeaff64]
2023-12-16 10:38:54.642  INFO 23996 --- [main] c.s.i.ImChartProApplicationTests         : Started ImChartProApplicationTests in 7.806 seconds (JVM running for 8.825)
2023-12-16 10:38:54.747  INFO 23996 --- [main] com.slipper.core.netty.WebSocketServer   : ?[服务器启动端口]: 8821

2023-12-16 10:40:23.906  INFO 10252 --- [main] c.s.i.ImChartProApplicationTests         : Starting ImChartProApplicationTests using Java 1.8.0_291 on SZ-PC-PDC-135 with PID 10252 (started by gumingchen in E:\github\chatterbox-pro)
2023-12-16 10:40:23.907 DEBUG 10252 --- [main] c.s.i.ImChartProApplicationTests         : Running with Spring Boot v2.7.18, Spring v5.3.31
2023-12-16 10:40:23.908  INFO 10252 --- [main] c.s.i.ImChartProApplicationTests         : The following 1 profile is active: "dev"
2023-12-16 10:40:24.809  INFO 10252 --- [main] .s.d.r.c.RepositoryConfigurationDelegate : Multiple Spring Data modules found, entering strict repository configuration mode
2023-12-16 10:40:24.811  INFO 10252 --- [main] .s.d.r.c.RepositoryConfigurationDelegate : Bootstrapping Spring Data Redis repositories in DEFAULT mode.
2023-12-16 10:40:24.875  INFO 10252 --- [main] .s.d.r.c.RepositoryConfigurationDelegate : Finished Spring Data repository scanning in 49 ms. Found 0 Redis repository interfaces.
2023-12-16 10:40:25.662  WARN 10252 --- [main] o.s.w.c.s.GenericWebApplicationContext   : Exception encountered during context initialization - cancelling refresh attempt: org.springframework.beans.factory.BeanCreationException: Error creating bean with name 'webSocketServer' defined in file [E:\github\chatterbox-pro\target\classes\com\slipper\core\netty\WebSocketServer.class]: Post-processing of merged bean definition failed; nested exception is java.lang.IllegalStateException: Lifecycle method annotation requires a no-arg method: public void com.slipper.core.netty.WebSocketServer.run(java.lang.String[]) throws java.lang.Exception
2023-12-16 10:40:25.671  INFO 10252 --- [main] ConditionEvaluationReportLoggingListener : 

Error starting ApplicationContext. To display the conditions report re-run your application with 'debug' enabled.
2023-12-16 10:40:25.703 ERROR 10252 --- [main] o.s.boot.SpringApplication               : Application run failed

org.springframework.beans.factory.BeanCreationException: Error creating bean with name 'webSocketServer' defined in file [E:\github\chatterbox-pro\target\classes\com\slipper\core\netty\WebSocketServer.class]: Post-processing of merged bean definition failed; nested exception is java.lang.IllegalStateException: Lifecycle method annotation requires a no-arg method: public void com.slipper.core.netty.WebSocketServer.run(java.lang.String[]) throws java.lang.Exception
	at org.springframework.beans.factory.support.AbstractAutowireCapableBeanFactory.doCreateBean(AbstractAutowireCapableBeanFactory.java:597)
	at org.springframework.beans.factory.support.AbstractAutowireCapableBeanFactory.createBean(AbstractAutowireCapableBeanFactory.java:542)
	at org.springframework.beans.factory.support.AbstractBeanFactory.lambda$doGetBean$0(AbstractBeanFactory.java:335)
	at org.springframework.beans.factory.support.DefaultSingletonBeanRegistry.getSingleton(DefaultSingletonBeanRegistry.java:234)
	at org.springframework.beans.factory.support.AbstractBeanFactory.doGetBean(AbstractBeanFactory.java:333)
	at org.springframework.beans.factory.support.AbstractBeanFactory.getBean(AbstractBeanFactory.java:208)
	at org.springframework.beans.factory.support.DefaultListableBeanFactory.preInstantiateSingletons(DefaultListableBeanFactory.java:955)
	at org.springframework.context.support.AbstractApplicationContext.finishBeanFactoryInitialization(AbstractApplicationContext.java:929)
	at org.springframework.context.support.AbstractApplicationContext.refresh(AbstractApplicationContext.java:591)
	at org.springframework.boot.SpringApplication.refresh(SpringApplication.java:732)
	at org.springframework.boot.SpringApplication.refreshContext(SpringApplication.java:409)
	at org.springframework.boot.SpringApplication.run(SpringApplication.java:308)
	at org.springframework.boot.test.context.SpringBootContextLoader.loadContext(SpringBootContextLoader.java:136)
	at org.springframework.test.context.cache.DefaultCacheAwareContextLoaderDelegate.loadContextInternal(DefaultCacheAwareContextLoaderDelegate.java:141)
	at org.springframework.test.context.cache.DefaultCacheAwareContextLoaderDelegate.loadContext(DefaultCacheAwareContextLoaderDelegate.java:90)
	at org.springframework.test.context.support.DefaultTestContext.getApplicationContext(DefaultTestContext.java:124)
	at org.springframework.test.context.web.ServletTestExecutionListener.setUpRequestContextIfNecessary(ServletTestExecutionListener.java:190)
	at org.springframework.test.context.web.ServletTestExecutionListener.prepareTestInstance(ServletTestExecutionListener.java:132)
	at org.springframework.test.context.TestContextManager.prepareTestInstance(TestContextManager.java:248)
	at org.springframework.test.context.junit.jupiter.SpringExtension.postProcessTestInstance(SpringExtension.java:138)
	at org.junit.jupiter.engine.descriptor.ClassBasedTestDescriptor.lambda$invokeTestInstancePostProcessors$8(ClassBasedTestDescriptor.java:363)
	at org.junit.jupiter.engine.descriptor.ClassBasedTestDescriptor.executeAndMaskThrowable(ClassBasedTestDescriptor.java:368)
	at org.junit.jupiter.engine.descriptor.ClassBasedTestDescriptor.lambda$invokeTestInstancePostProcessors$9(ClassBasedTestDescriptor.java:363)
	at java.util.stream.ReferencePipeline$3$1.accept(ReferencePipeline.java:193)
	at java.util.stream.ReferencePipeline$2$1.accept(ReferencePipeline.java:175)
	at java.util.ArrayList$ArrayListSpliterator.forEachRemaining(ArrayList.java:1384)
	at java.util.stream.AbstractPipeline.copyInto(AbstractPipeline.java:482)
	at java.util.stream.AbstractPipeline.wrapAndCopyInto(AbstractPipeline.java:472)
	at java.util.stream.StreamSpliterators$WrappingSpliterator.forEachRemaining(StreamSpliterators.java:312)
	at java.util.stream.Streams$ConcatSpliterator.forEachRemaining(Streams.java:743)
	at java.util.stream.Streams$ConcatSpliterator.forEachRemaining(Streams.java:742)
	at java.util.stream.ReferencePipeline$Head.forEach(ReferencePipeline.java:580)
	at org.junit.jupiter.engine.descriptor.ClassBasedTestDescriptor.invokeTestInstancePostProcessors(ClassBasedTestDescriptor.java:362)
	at org.junit.jupiter.engine.descriptor.ClassBasedTestDescriptor.lambda$instantiateAndPostProcessTestInstance$6(ClassBasedTestDescriptor.java:283)
	at org.junit.platform.engine.support.hierarchical.ThrowableCollector.execute(ThrowableCollector.java:73)
	at org.junit.jupiter.engine.descriptor.ClassBasedTestDescriptor.instantiateAndPostProcessTestInstance(ClassBasedTestDescriptor.java:282)
	at org.junit.jupiter.engine.descriptor.ClassBasedTestDescriptor.lambda$testInstancesProvider$4(ClassBasedTestDescriptor.java:272)
	at java.util.Optional.orElseGet(Optional.java:267)
	at org.junit.jupiter.engine.descriptor.ClassBasedTestDescriptor.lambda$testInstancesProvider$5(ClassBasedTestDescriptor.java:271)
	at org.junit.jupiter.engine.execution.TestInstancesProvider.getTestInstances(TestInstancesProvider.java:31)
	at org.junit.jupiter.engine.descriptor.TestMethodTestDescriptor.lambda$prepare$0(TestMethodTestDescriptor.java:102)
	at org.junit.platform.engine.support.hierarchical.ThrowableCollector.execute(ThrowableCollector.java:73)
	at org.junit.jupiter.engine.descriptor.TestMethodTestDescriptor.prepare(TestMethodTestDescriptor.java:101)
	at org.junit.jupiter.engine.descriptor.TestMethodTestDescriptor.prepare(TestMethodTestDescriptor.java:66)
	at org.junit.platform.engine.support.hierarchical.NodeTestTask.lambda$prepare$2(NodeTestTask.java:123)
	at org.junit.platform.engine.support.hierarchical.ThrowableCollector.execute(ThrowableCollector.java:73)
	at org.junit.platform.engine.support.hierarchical.NodeTestTask.prepare(NodeTestTask.java:123)
	at org.junit.platform.engine.support.hierarchical.NodeTestTask.execute(NodeTestTask.java:90)
	at java.util.ArrayList.forEach(ArrayList.java:1259)
	at org.junit.platform.engine.support.hierarchical.SameThreadHierarchicalTestExecutorService.invokeAll(SameThreadHierarchicalTestExecutorService.java:41)
	at org.junit.platform.engine.support.hierarchical.NodeTestTask.lambda$executeRecursively$6(NodeTestTask.java:155)
	at org.junit.platform.engine.support.hierarchical.ThrowableCollector.execute(ThrowableCollector.java:73)
	at org.junit.platform.engine.support.hierarchical.NodeTestTask.lambda$executeRecursively$8(NodeTestTask.java:141)
	at org.junit.platform.engine.support.hierarchical.Node.around(Node.java:137)
	at org.junit.platform.engine.support.hierarchical.NodeTestTask.lambda$executeRecursively$9(NodeTestTask.java:139)
	at org.junit.platform.engine.support.hierarchical.ThrowableCollector.execute(ThrowableCollector.java:73)
	at org.junit.platform.engine.support.hierarchical.NodeTestTask.executeRecursively(NodeTestTask.java:138)
	at org.junit.platform.engine.support.hierarchical.NodeTestTask.execute(NodeTestTask.java:95)
	at java.util.ArrayList.forEach(ArrayList.java:1259)
	at org.junit.platform.engine.support.hierarchical.SameThreadHierarchicalTestExecutorService.invokeAll(SameThreadHierarchicalTestExecutorService.java:41)
	at org.junit.platform.engine.support.hierarchical.NodeTestTask.lambda$executeRecursively$6(NodeTestTask.java:155)
	at org.junit.platform.engine.support.hierarchical.ThrowableCollector.execute(ThrowableCollector.java:73)
	at org.junit.platform.engine.support.hierarchical.NodeTestTask.lambda$executeRecursively$8(NodeTestTask.java:141)
	at org.junit.platform.engine.support.hierarchical.Node.around(Node.java:137)
	at org.junit.platform.engine.support.hierarchical.NodeTestTask.lambda$executeRecursively$9(NodeTestTask.java:139)
	at org.junit.platform.engine.support.hierarchical.ThrowableCollector.execute(ThrowableCollector.java:73)
	at org.junit.platform.engine.support.hierarchical.NodeTestTask.executeRecursively(NodeTestTask.java:138)
	at org.junit.platform.engine.support.hierarchical.NodeTestTask.execute(NodeTestTask.java:95)
	at org.junit.platform.engine.support.hierarchical.SameThreadHierarchicalTestExecutorService.submit(SameThreadHierarchicalTestExecutorService.java:35)
	at org.junit.platform.engine.support.hierarchical.HierarchicalTestExecutor.execute(HierarchicalTestExecutor.java:57)
	at org.junit.platform.engine.support.hierarchical.HierarchicalTestEngine.execute(HierarchicalTestEngine.java:54)
	at org.junit.platform.launcher.core.DefaultLauncher.execute(DefaultLauncher.java:220)
	at org.junit.platform.launcher.core.DefaultLauncher.lambda$execute$6(DefaultLauncher.java:188)
	at org.junit.platform.launcher.core.DefaultLauncher.withInterceptedStreams(DefaultLauncher.java:202)
	at org.junit.platform.launcher.core.DefaultLauncher.execute(DefaultLauncher.java:181)
	at org.junit.platform.launcher.core.DefaultLauncher.execute(DefaultLauncher.java:128)
	at org.apache.maven.surefire.junitplatform.JUnitPlatformProvider.invokeAllTests(JUnitPlatformProvider.java:150)
	at org.apache.maven.surefire.junitplatform.JUnitPlatformProvider.invoke(JUnitPlatformProvider.java:124)
	at org.apache.maven.surefire.booter.ForkedBooter.invokeProviderInSameClassLoader(ForkedBooter.java:384)
	at org.apache.maven.surefire.booter.ForkedBooter.runSuitesInProcess(ForkedBooter.java:345)
	at org.apache.maven.surefire.booter.ForkedBooter.execute(ForkedBooter.java:126)
	at org.apache.maven.surefire.booter.ForkedBooter.main(ForkedBooter.java:418)
Caused by: java.lang.IllegalStateException: Lifecycle method annotation requires a no-arg method: public void com.slipper.core.netty.WebSocketServer.run(java.lang.String[]) throws java.lang.Exception
	at org.springframework.beans.factory.annotation.InitDestroyAnnotationBeanPostProcessor$LifecycleElement.<init>(InitDestroyAnnotationBeanPostProcessor.java:372)
	at org.springframework.beans.factory.annotation.InitDestroyAnnotationBeanPostProcessor.lambda$buildLifecycleMetadata$0(InitDestroyAnnotationBeanPostProcessor.java:234)
	at org.springframework.util.ReflectionUtils.doWithLocalMethods(ReflectionUtils.java:324)
	at org.springframework.beans.factory.annotation.InitDestroyAnnotationBeanPostProcessor.buildLifecycleMetadata(InitDestroyAnnotationBeanPostProcessor.java:232)
	at org.springframework.beans.factory.annotation.InitDestroyAnnotationBeanPostProcessor.findLifecycleMetadata(InitDestroyAnnotationBeanPostProcessor.java:210)
	at org.springframework.beans.factory.annotation.InitDestroyAnnotationBeanPostProcessor.postProcessMergedBeanDefinition(InitDestroyAnnotationBeanPostProcessor.java:149)
	at org.springframework.context.annotation.CommonAnnotationBeanPostProcessor.postProcessMergedBeanDefinition(CommonAnnotationBeanPostProcessor.java:305)
	at org.springframework.beans.factory.support.AbstractAutowireCapableBeanFactory.applyMergedBeanDefinitionPostProcessors(AbstractAutowireCapableBeanFactory.java:1116)
	at org.springframework.beans.factory.support.AbstractAutowireCapableBeanFactory.doCreateBean(AbstractAutowireCapableBeanFactory.java:594)
	... 81 common frames omitted

2023-12-16 10:40:25.705 ERROR 10252 --- [main] o.s.test.context.TestContextManager      : Caught exception while allowing TestExecutionListener [org.springframework.test.context.web.ServletTestExecutionListener@7ac296f6] to prepare test instance [com.slipper.imchartpro.ImChartProApplicationTests@12a470dd]

java.lang.IllegalStateException: Failed to load ApplicationContext
	at org.springframework.test.context.cache.DefaultCacheAwareContextLoaderDelegate.loadContext(DefaultCacheAwareContextLoaderDelegate.java:98)
	at org.springframework.test.context.support.DefaultTestContext.getApplicationContext(DefaultTestContext.java:124)
	at org.springframework.test.context.web.ServletTestExecutionListener.setUpRequestContextIfNecessary(ServletTestExecutionListener.java:190)
	at org.springframework.test.context.web.ServletTestExecutionListener.prepareTestInstance(ServletTestExecutionListener.java:132)
	at org.springframework.test.context.TestContextManager.prepareTestInstance(TestContextManager.java:248)
	at org.springframework.test.context.junit.jupiter.SpringExtension.postProcessTestInstance(SpringExtension.java:138)
	at org.junit.jupiter.engine.descriptor.ClassBasedTestDescriptor.lambda$invokeTestInstancePostProcessors$8(ClassBasedTestDescriptor.java:363)
	at org.junit.jupiter.engine.descriptor.ClassBasedTestDescriptor.executeAndMaskThrowable(ClassBasedTestDescriptor.java:368)
	at org.junit.jupiter.engine.descriptor.ClassBasedTestDescriptor.lambda$invokeTestInstancePostProcessors$9(ClassBasedTestDescriptor.java:363)
	at java.util.stream.ReferencePipeline$3$1.accept(ReferencePipeline.java:193)
	at java.util.stream.ReferencePipeline$2$1.accept(ReferencePipeline.java:175)
	at java.util.ArrayList$ArrayListSpliterator.forEachRemaining(ArrayList.java:1384)
	at java.util.stream.AbstractPipeline.copyInto(AbstractPipeline.java:482)
	at java.util.stream.AbstractPipeline.wrapAndCopyInto(AbstractPipeline.java:472)
	at java.util.stream.StreamSpliterators$WrappingSpliterator.forEachRemaining(StreamSpliterators.java:312)
	at java.util.stream.Streams$ConcatSpliterator.forEachRemaining(Streams.java:743)
	at java.util.stream.Streams$ConcatSpliterator.forEachRemaining(Streams.java:742)
	at java.util.stream.ReferencePipeline$Head.forEach(ReferencePipeline.java:580)
	at org.junit.jupiter.engine.descriptor.ClassBasedTestDescriptor.invokeTestInstancePostProcessors(ClassBasedTestDescriptor.java:362)
	at org.junit.jupiter.engine.descriptor.ClassBasedTestDescriptor.lambda$instantiateAndPostProcessTestInstance$6(ClassBasedTestDescriptor.java:283)
	at org.junit.platform.engine.support.hierarchical.ThrowableCollector.execute(ThrowableCollector.java:73)
	at org.junit.jupiter.engine.descriptor.ClassBasedTestDescriptor.instantiateAndPostProcessTestInstance(ClassBasedTestDescriptor.java:282)
	at org.junit.jupiter.engine.descriptor.ClassBasedTestDescriptor.lambda$testInstancesProvider$4(ClassBasedTestDescriptor.java:272)
	at java.util.Optional.orElseGet(Optional.java:267)
	at org.junit.jupiter.engine.descriptor.ClassBasedTestDescriptor.lambda$testInstancesProvider$5(ClassBasedTestDescriptor.java:271)
	at org.junit.jupiter.engine.execution.TestInstancesProvider.getTestInstances(TestInstancesProvider.java:31)
	at org.junit.jupiter.engine.descriptor.TestMethodTestDescriptor.lambda$prepare$0(TestMethodTestDescriptor.java:102)
	at org.junit.platform.engine.support.hierarchical.ThrowableCollector.execute(ThrowableCollector.java:73)
	at org.junit.jupiter.engine.descriptor.TestMethodTestDescriptor.prepare(TestMethodTestDescriptor.java:101)
	at org.junit.jupiter.engine.descriptor.TestMethodTestDescriptor.prepare(TestMethodTestDescriptor.java:66)
	at org.junit.platform.engine.support.hierarchical.NodeTestTask.lambda$prepare$2(NodeTestTask.java:123)
	at org.junit.platform.engine.support.hierarchical.ThrowableCollector.execute(ThrowableCollector.java:73)
	at org.junit.platform.engine.support.hierarchical.NodeTestTask.prepare(NodeTestTask.java:123)
	at org.junit.platform.engine.support.hierarchical.NodeTestTask.execute(NodeTestTask.java:90)
	at java.util.ArrayList.forEach(ArrayList.java:1259)
	at org.junit.platform.engine.support.hierarchical.SameThreadHierarchicalTestExecutorService.invokeAll(SameThreadHierarchicalTestExecutorService.java:41)
	at org.junit.platform.engine.support.hierarchical.NodeTestTask.lambda$executeRecursively$6(NodeTestTask.java:155)
	at org.junit.platform.engine.support.hierarchical.ThrowableCollector.execute(ThrowableCollector.java:73)
	at org.junit.platform.engine.support.hierarchical.NodeTestTask.lambda$executeRecursively$8(NodeTestTask.java:141)
	at org.junit.platform.engine.support.hierarchical.Node.around(Node.java:137)
	at org.junit.platform.engine.support.hierarchical.NodeTestTask.lambda$executeRecursively$9(NodeTestTask.java:139)
	at org.junit.platform.engine.support.hierarchical.ThrowableCollector.execute(ThrowableCollector.java:73)
	at org.junit.platform.engine.support.hierarchical.NodeTestTask.executeRecursively(NodeTestTask.java:138)
	at org.junit.platform.engine.support.hierarchical.NodeTestTask.execute(NodeTestTask.java:95)
	at java.util.ArrayList.forEach(ArrayList.java:1259)
	at org.junit.platform.engine.support.hierarchical.SameThreadHierarchicalTestExecutorService.invokeAll(SameThreadHierarchicalTestExecutorService.java:41)
	at org.junit.platform.engine.support.hierarchical.NodeTestTask.lambda$executeRecursively$6(NodeTestTask.java:155)
	at org.junit.platform.engine.support.hierarchical.ThrowableCollector.execute(ThrowableCollector.java:73)
	at org.junit.platform.engine.support.hierarchical.NodeTestTask.lambda$executeRecursively$8(NodeTestTask.java:141)
	at org.junit.platform.engine.support.hierarchical.Node.around(Node.java:137)
	at org.junit.platform.engine.support.hierarchical.NodeTestTask.lambda$executeRecursively$9(NodeTestTask.java:139)
	at org.junit.platform.engine.support.hierarchical.ThrowableCollector.execute(ThrowableCollector.java:73)
	at org.junit.platform.engine.support.hierarchical.NodeTestTask.executeRecursively(NodeTestTask.java:138)
	at org.junit.platform.engine.support.hierarchical.NodeTestTask.execute(NodeTestTask.java:95)
	at org.junit.platform.engine.support.hierarchical.SameThreadHierarchicalTestExecutorService.submit(SameThreadHierarchicalTestExecutorService.java:35)
	at org.junit.platform.engine.support.hierarchical.HierarchicalTestExecutor.execute(HierarchicalTestExecutor.java:57)
	at org.junit.platform.engine.support.hierarchical.HierarchicalTestEngine.execute(HierarchicalTestEngine.java:54)
	at org.junit.platform.launcher.core.DefaultLauncher.execute(DefaultLauncher.java:220)
	at org.junit.platform.launcher.core.DefaultLauncher.lambda$execute$6(DefaultLauncher.java:188)
	at org.junit.platform.launcher.core.DefaultLauncher.withInterceptedStreams(DefaultLauncher.java:202)
	at org.junit.platform.launcher.core.DefaultLauncher.execute(DefaultLauncher.java:181)
	at org.junit.platform.launcher.core.DefaultLauncher.execute(DefaultLauncher.java:128)
	at org.apache.maven.surefire.junitplatform.JUnitPlatformProvider.invokeAllTests(JUnitPlatformProvider.java:150)
	at org.apache.maven.surefire.junitplatform.JUnitPlatformProvider.invoke(JUnitPlatformProvider.java:124)
	at org.apache.maven.surefire.booter.ForkedBooter.invokeProviderInSameClassLoader(ForkedBooter.java:384)
	at org.apache.maven.surefire.booter.ForkedBooter.runSuitesInProcess(ForkedBooter.java:345)
	at org.apache.maven.surefire.booter.ForkedBooter.execute(ForkedBooter.java:126)
	at org.apache.maven.surefire.booter.ForkedBooter.main(ForkedBooter.java:418)
Caused by: org.springframework.beans.factory.BeanCreationException: Error creating bean with name 'webSocketServer' defined in file [E:\github\chatterbox-pro\target\classes\com\slipper\core\netty\WebSocketServer.class]: Post-processing of merged bean definition failed; nested exception is java.lang.IllegalStateException: Lifecycle method annotation requires a no-arg method: public void com.slipper.core.netty.WebSocketServer.run(java.lang.String[]) throws java.lang.Exception
	at org.springframework.beans.factory.support.AbstractAutowireCapableBeanFactory.doCreateBean(AbstractAutowireCapableBeanFactory.java:597)
	at org.springframework.beans.factory.support.AbstractAutowireCapableBeanFactory.createBean(AbstractAutowireCapableBeanFactory.java:542)
	at org.springframework.beans.factory.support.AbstractBeanFactory.lambda$doGetBean$0(AbstractBeanFactory.java:335)
	at org.springframework.beans.factory.support.DefaultSingletonBeanRegistry.getSingleton(DefaultSingletonBeanRegistry.java:234)
	at org.springframework.beans.factory.support.AbstractBeanFactory.doGetBean(AbstractBeanFactory.java:333)
	at org.springframework.beans.factory.support.AbstractBeanFactory.getBean(AbstractBeanFactory.java:208)
	at org.springframework.beans.factory.support.DefaultListableBeanFactory.preInstantiateSingletons(DefaultListableBeanFactory.java:955)
	at org.springframework.context.support.AbstractApplicationContext.finishBeanFactoryInitialization(AbstractApplicationContext.java:929)
	at org.springframework.context.support.AbstractApplicationContext.refresh(AbstractApplicationContext.java:591)
	at org.springframework.boot.SpringApplication.refresh(SpringApplication.java:732)
	at org.springframework.boot.SpringApplication.refreshContext(SpringApplication.java:409)
	at org.springframework.boot.SpringApplication.run(SpringApplication.java:308)
	at org.springframework.boot.test.context.SpringBootContextLoader.loadContext(SpringBootContextLoader.java:136)
	at org.springframework.test.context.cache.DefaultCacheAwareContextLoaderDelegate.loadContextInternal(DefaultCacheAwareContextLoaderDelegate.java:141)
	at org.springframework.test.context.cache.DefaultCacheAwareContextLoaderDelegate.loadContext(DefaultCacheAwareContextLoaderDelegate.java:90)
	... 67 common frames omitted
Caused by: java.lang.IllegalStateException: Lifecycle method annotation requires a no-arg method: public void com.slipper.core.netty.WebSocketServer.run(java.lang.String[]) throws java.lang.Exception
	at org.springframework.beans.factory.annotation.InitDestroyAnnotationBeanPostProcessor$LifecycleElement.<init>(InitDestroyAnnotationBeanPostProcessor.java:372)
	at org.springframework.beans.factory.annotation.InitDestroyAnnotationBeanPostProcessor.lambda$buildLifecycleMetadata$0(InitDestroyAnnotationBeanPostProcessor.java:234)
	at org.springframework.util.ReflectionUtils.doWithLocalMethods(ReflectionUtils.java:324)
	at org.springframework.beans.factory.annotation.InitDestroyAnnotationBeanPostProcessor.buildLifecycleMetadata(InitDestroyAnnotationBeanPostProcessor.java:232)
	at org.springframework.beans.factory.annotation.InitDestroyAnnotationBeanPostProcessor.findLifecycleMetadata(InitDestroyAnnotationBeanPostProcessor.java:210)
	at org.springframework.beans.factory.annotation.InitDestroyAnnotationBeanPostProcessor.postProcessMergedBeanDefinition(InitDestroyAnnotationBeanPostProcessor.java:149)
	at org.springframework.context.annotation.CommonAnnotationBeanPostProcessor.postProcessMergedBeanDefinition(CommonAnnotationBeanPostProcessor.java:305)
	at org.springframework.beans.factory.support.AbstractAutowireCapableBeanFactory.applyMergedBeanDefinitionPostProcessors(AbstractAutowireCapableBeanFactory.java:1116)
	at org.springframework.beans.factory.support.AbstractAutowireCapableBeanFactory.doCreateBean(AbstractAutowireCapableBeanFactory.java:594)
	... 81 common frames omitted

2023-12-16 10:41:20.389  INFO 23468 --- [main] c.s.i.ImChartProApplicationTests         : Starting ImChartProApplicationTests using Java 1.8.0_291 on SZ-PC-PDC-135 with PID 23468 (started by gumingchen in E:\github\chatterbox-pro)
2023-12-16 10:41:20.390 DEBUG 23468 --- [main] c.s.i.ImChartProApplicationTests         : Running with Spring Boot v2.7.18, Spring v5.3.31
2023-12-16 10:41:20.390  INFO 23468 --- [main] c.s.i.ImChartProApplicationTests         : The following 1 profile is active: "dev"
2023-12-16 10:41:21.327  INFO 23468 --- [main] .s.d.r.c.RepositoryConfigurationDelegate : Multiple Spring Data modules found, entering strict repository configuration mode
2023-12-16 10:41:21.330  INFO 23468 --- [main] .s.d.r.c.RepositoryConfigurationDelegate : Bootstrapping Spring Data Redis repositories in DEFAULT mode.
2023-12-16 10:41:21.388  INFO 23468 --- [main] .s.d.r.c.RepositoryConfigurationDelegate : Finished Spring Data repository scanning in 45 ms. Found 0 Redis repository interfaces.
2023-12-16 10:41:22.309  INFO 23468 --- [main] c.a.d.s.b.a.DruidDataSourceAutoConfigure : Init DruidDataSource
2023-12-16 10:41:23.173 ERROR 23468 --- [main] c.alibaba.druid.filter.stat.StatFilter   : slow sql 235 millis. SELECT 1[]
2023-12-16 10:41:24.122  INFO 23468 --- [main] com.alibaba.druid.pool.DruidDataSource   : {dataSource-1} inited
2023-12-16 10:41:26.959  INFO 23468 --- [main] o.s.s.web.DefaultSecurityFilterChain     : Will secure any request with [org.springframework.security.web.session.DisableEncodeUrlFilter@34e25492, org.springframework.security.web.context.request.async.WebAsyncManagerIntegrationFilter@32f308c6, org.springframework.security.web.context.SecurityContextPersistenceFilter@4403bff8, org.springframework.security.web.header.HeaderWriterFilter@770cae59, org.springframework.web.filter.CorsFilter@5f2b9da8, org.springframework.security.web.authentication.logout.LogoutFilter@601d295, com.slipper.core.security.filter.TokenAuthenticationFilter@698ac187, org.springframework.security.web.savedrequest.RequestCacheAwareFilter@502c087e, org.springframework.security.web.servletapi.SecurityContextHolderAwareRequestFilter@10bdfbcc, org.springframework.security.web.authentication.AnonymousAuthenticationFilter@4fea5ee0, org.springframework.security.web.session.SessionManagementFilter@63c99f7, org.springframework.security.web.access.ExceptionTranslationFilter@37d6dddc, org.springframework.security.web.access.intercept.FilterSecurityInterceptor@1171ba7e]
2023-12-16 10:41:27.712  INFO 23468 --- [main] c.s.i.ImChartProApplicationTests         : Started ImChartProApplicationTests in 7.716 seconds (JVM running for 8.69)
2023-12-16 10:41:27.822  INFO 23468 --- [main] com.slipper.core.netty.WebSocketServer   : ?[服务器启动端口]: 8821

2023-12-16 10:45:42.290  INFO 14868 --- [main] c.s.i.ImChartProApplicationTests         : Starting ImChartProApplicationTests using Java 1.8.0_291 on SZ-PC-PDC-135 with PID 14868 (started by gumingchen in E:\github\chatterbox-pro)
2023-12-16 10:45:42.292 DEBUG 14868 --- [main] c.s.i.ImChartProApplicationTests         : Running with Spring Boot v2.7.18, Spring v5.3.31
2023-12-16 10:45:42.292  INFO 14868 --- [main] c.s.i.ImChartProApplicationTests         : The following 1 profile is active: "dev"
2023-12-16 10:45:43.216  INFO 14868 --- [main] .s.d.r.c.RepositoryConfigurationDelegate : Multiple Spring Data modules found, entering strict repository configuration mode
2023-12-16 10:45:43.220  INFO 14868 --- [main] .s.d.r.c.RepositoryConfigurationDelegate : Bootstrapping Spring Data Redis repositories in DEFAULT mode.
2023-12-16 10:45:43.285  INFO 14868 --- [main] .s.d.r.c.RepositoryConfigurationDelegate : Finished Spring Data repository scanning in 50 ms. Found 0 Redis repository interfaces.
2023-12-16 10:45:44.294  INFO 14868 --- [main] c.a.d.s.b.a.DruidDataSourceAutoConfigure : Init DruidDataSource
2023-12-16 10:45:45.227 ERROR 14868 --- [main] c.alibaba.druid.filter.stat.StatFilter   : slow sql 227 millis. SELECT 1[]
2023-12-16 10:45:46.056  INFO 14868 --- [main] com.alibaba.druid.pool.DruidDataSource   : {dataSource-1} inited
2023-12-16 10:45:49.016  INFO 14868 --- [main] o.s.s.web.DefaultSecurityFilterChain     : Will secure any request with [org.springframework.security.web.session.DisableEncodeUrlFilter@768f4b42, org.springframework.security.web.context.request.async.WebAsyncManagerIntegrationFilter@12a6e8ed, org.springframework.security.web.context.SecurityContextPersistenceFilter@7657d90b, org.springframework.security.web.header.HeaderWriterFilter@2c7ad4f3, org.springframework.web.filter.CorsFilter@63b4b9c6, org.springframework.security.web.authentication.logout.LogoutFilter@315b5913, com.slipper.core.security.filter.TokenAuthenticationFilter@6c66ddab, org.springframework.security.web.savedrequest.RequestCacheAwareFilter@416a4275, org.springframework.security.web.servletapi.SecurityContextHolderAwareRequestFilter@33215ffb, org.springframework.security.web.authentication.AnonymousAuthenticationFilter@603f4e3e, org.springframework.security.web.session.SessionManagementFilter@68a426c3, org.springframework.security.web.access.ExceptionTranslationFilter@36525ab, org.springframework.security.web.access.intercept.FilterSecurityInterceptor@22ae32ba]
2023-12-16 10:45:49.811  INFO 14868 --- [main] c.s.i.ImChartProApplicationTests         : Started ImChartProApplicationTests in 7.9 seconds (JVM running for 8.81)
2023-12-16 10:45:49.933  INFO 14868 --- [task-executor-1] com.slipper.core.netty.WebSocketServer   : ?[服务器启动端口]: 8821

2023-12-16 10:45:50.171  INFO 14868 --- [SpringApplicationShutdownHook] com.alibaba.druid.pool.DruidDataSource   : {dataSource-1} closing ...
2023-12-16 10:45:50.183  INFO 14868 --- [SpringApplicationShutdownHook] com.alibaba.druid.pool.DruidDataSource   : {dataSource-1} closed
